build/app/outputs/mapping/release/mapping.txt
# compiler: R8
# compiler_version: 1.5.64
# min_api: 23
# pg_map_id: 9865b9b
...
com.google.firebase.database.core.ServerValues$1 -> com.google.firebase.database.v.r$a:
    java.util.Map val$serverValues -> b
    com.google.firebase.database.core.SnapshotHolder val$holder -> c
    com.google.firebase.database.core.ValueProvider val$existing -> a
    void visitChild(com.google.firebase.database.snapshot.ChildKey,com.google.firebase.database.snapshot.Node) -> a
com.google.firebase.database.core.SnapshotHolder -> com.google.firebase.database.v.s:
    com.google.firebase.database.snapshot.Node rootNode -> a
    com.google.firebase.database.snapshot.Node getNode(com.google.firebase.database.core.Path) -> a
    com.google.firebase.database.snapshot.Node getRootNode() -> a
    void update(com.google.firebase.database.core.Path,com.google.firebase.database.snapshot.Node) -> a
com.google.firebase.database.core.SparseSnapshotTree -> com.google.firebase.database.v.t:
    java.util.Map children -> b
    com.google.firebase.database.snapshot.Node value -> a
    void forEachChild(com.google.firebase.database.core.SparseSnapshotTree$SparseSnapshotChildVisitor) -> a
    void forEachTree(com.google.firebase.database.core.Path,com.google.firebase.database.core.SparseSnapshotTree$SparseSnapshotTreeVisitor) -> a
    boolean forget(com.google.firebase.database.core.Path) -> a
    void remember(com.google.firebase.database.core.Path,com.google.firebase.database.snapshot.Node) -> a
com.google.firebase.database.core.SparseSnapshotTree$1 -> com.google.firebase.database.v.t$a:
    com.google.firebase.database.core.SparseSnapshotTree this$0 -> b
    com.google.firebase.database.core.Path val$path -> a
    void visitChild(com.google.firebase.database.snapshot.ChildKey,com.google.firebase.database.snapshot.Node) -> a
com.google.firebase.database.core.SparseSnapshotTree$2 -> com.google.firebase.database.v.t$b:
    com.google.firebase.database.core.SparseSnapshotTree$SparseSnapshotTreeVisitor val$visitor -> b
    com.google.firebase.database.core.Path val$prefixPath -> a
    void visitChild(com.google.firebase.database.snapshot.ChildKey,com.google.firebase.database.core.SparseSnapshotTree) -> a
com.google.firebase.database.core.SparseSnapshotTree$SparseSnapshotChildVisitor -> com.google.firebase.database.v.t$c:
    void visitChild(com.google.firebase.database.snapshot.ChildKey,com.google.firebase.database.core.SparseSnapshotTree) -> a
com.google.firebase.database.core.SparseSnapshotTree$SparseSnapshotTreeVisitor -> com.google.firebase.database.v.t$d:
    void visitTree(com.google.firebase.database.core.Path,com.google.firebase.database.snapshot.Node) -> a